<?xml version="1.0" encoding="UTF-8"?>
<!-- Generated by org.testng.reporters.JUnitReportReporter -->
<testsuite hostname="LAPTOP-VB8VERVD" failures="0" tests="4" name="com.test.classes.verifySummaryTab" time="183.959" errors="0" timestamp="2022-06-04T19:18:13 IST" skipped="0">
  <testcase classname="com.test.classes.verifySummaryTab" name="summaryTabTest" time="92.656"/>
  <system-out/>
  <testcase classname="com.test.classes.verifySummaryTab" name="lifecycleInnovationTabTest" time="20.651"/>
  <system-out/>
  <testcase classname="com.test.classes.verifySummaryTab" name="cycleTimes" time="37.203"/>
  <system-out/>
  <testcase classname="com.test.classes.verifySummaryTab" name="successRates" time="33.449"/>
  <system-out/>
</testsuite> <!-- com.test.classes.verifySummaryTab -->
