<?xml version="1.0" encoding="UTF-8"?>
<!-- Generated by org.testng.reporters.JUnitReportReporter -->
<testsuite hostname="Dell-PC" failures="0" tests="4" name="com.test.classes.VerifyRandDApplication" time="186.955" errors="0" timestamp="2022-06-08T06:59:03 IST" skipped="0">
  <testcase classname="com.test.classes.VerifyRandDApplication" name="summaryTabTest" time="100.737"/>
  <system-out/>
  <testcase classname="com.test.classes.VerifyRandDApplication" name="lifecycleInnovationTabTest" time="21.000"/>
  <system-out/>
  <testcase classname="com.test.classes.VerifyRandDApplication" name="cycleTimes" time="33.736"/>
  <system-out/>
  <testcase classname="com.test.classes.VerifyRandDApplication" name="successRates" time="31.482"/>
  <system-out/>
</testsuite> <!-- com.test.classes.VerifyRandDApplication -->
